2025-11-11 18:50:42.548 [info] [main] Log level: Info
2025-11-11 18:50:42.548 [info] [main] Validating found git in: "git"
2025-11-11 18:50:42.548 [info] [main] Using git "2.51.2" from "git"
2025-11-11 18:50:42.548 [info] [Model][doInitialScan] Initial repository scan started
2025-11-11 18:50:42.548 [info] > git rev-parse --show-toplevel [9ms]
2025-11-11 18:50:42.548 [info] fatal: not a git repository (or any parent up to mount point /)
Stopping at filesystem boundary (GIT_DISCOVERY_ACROSS_FILESYSTEM not set).
2025-11-11 18:50:42.548 [info] > git rev-parse --show-toplevel [1ms]
2025-11-11 18:50:42.548 [info] fatal: not a git repository (or any parent up to mount point /)
Stopping at filesystem boundary (GIT_DISCOVERY_ACROSS_FILESYSTEM not set).
2025-11-11 18:50:42.548 [info] [Model][doInitialScan] Initial repository scan completed - repositories (0), closed repositories (0), parent repositories (0), unsafe repositories (0)
2025-11-11 18:50:42.548 [info] > git rev-parse --show-toplevel [1ms]
2025-11-11 18:50:42.548 [info] fatal: not a git repository (or any parent up to mount point /)
Stopping at filesystem boundary (GIT_DISCOVERY_ACROSS_FILESYSTEM not set).
2025-11-11 18:50:42.581 [info] > git rev-parse --show-toplevel [1ms]
2025-11-11 18:50:42.581 [info] fatal: not a git repository (or any parent up to mount point /)
Stopping at filesystem boundary (GIT_DISCOVERY_ACROSS_FILESYSTEM not set).
2025-11-11 18:50:42.627 [info] > git rev-parse --show-toplevel [2ms]
2025-11-11 18:50:42.627 [info] fatal: not a git repository (or any parent up to mount point /)
Stopping at filesystem boundary (GIT_DISCOVERY_ACROSS_FILESYSTEM not set).
2025-11-11 18:50:42.744 [info] > git rev-parse --show-toplevel [2ms]
2025-11-11 18:50:42.744 [info] fatal: not a git repository (or any parent up to mount point /)
Stopping at filesystem boundary (GIT_DISCOVERY_ACROSS_FILESYSTEM not set).
2025-11-11 18:50:42.788 [info] > git rev-parse --show-toplevel [1ms]
2025-11-11 18:50:42.788 [info] fatal: not a git repository (or any parent up to mount point /)
Stopping at filesystem boundary (GIT_DISCOVERY_ACROSS_FILESYSTEM not set).
2025-11-11 18:50:44.101 [info] > git rev-parse --show-toplevel [2ms]
2025-11-11 18:50:44.101 [info] fatal: not a git repository (or any parent up to mount point /)
Stopping at filesystem boundary (GIT_DISCOVERY_ACROSS_FILESYSTEM not set).
2025-11-11 18:54:40.893 [info] > git rev-parse --show-toplevel [2ms]
2025-11-11 18:54:40.893 [info] fatal: not a git repository (or any parent up to mount point /)
Stopping at filesystem boundary (GIT_DISCOVERY_ACROSS_FILESYSTEM not set).
2025-11-11 18:54:43.586 [info] > git rev-parse --show-toplevel [5ms]
2025-11-11 18:54:43.586 [info] fatal: not a git repository (or any parent up to mount point /)
Stopping at filesystem boundary (GIT_DISCOVERY_ACROSS_FILESYSTEM not set).
2025-11-11 18:54:47.845 [info] > git rev-parse --show-toplevel [4ms]
2025-11-11 18:54:47.845 [info] fatal: not a git repository (or any parent up to mount point /)
Stopping at filesystem boundary (GIT_DISCOVERY_ACROSS_FILESYSTEM not set).
2025-11-11 18:54:52.355 [info] > git rev-parse --show-toplevel [4ms]
2025-11-11 18:54:52.355 [info] fatal: not a git repository (or any parent up to mount point /)
Stopping at filesystem boundary (GIT_DISCOVERY_ACROSS_FILESYSTEM not set).
2025-11-11 18:54:56.460 [info] > git rev-parse --show-toplevel [2ms]
2025-11-11 18:54:56.460 [info] fatal: not a git repository (or any parent up to mount point /)
Stopping at filesystem boundary (GIT_DISCOVERY_ACROSS_FILESYSTEM not set).
2025-11-11 18:54:57.648 [info] > git rev-parse --show-toplevel [1ms]
2025-11-11 18:54:57.648 [info] fatal: not a git repository (or any parent up to mount point /)
Stopping at filesystem boundary (GIT_DISCOVERY_ACROSS_FILESYSTEM not set).
2025-11-11 18:55:34.642 [info] > git rev-parse --show-toplevel [2ms]
2025-11-11 18:55:34.642 [info] fatal: not a git repository (or any parent up to mount point /)
Stopping at filesystem boundary (GIT_DISCOVERY_ACROSS_FILESYSTEM not set).
