2025-11-11 13:06:02.294 [info] [main] Log level: Info
2025-11-11 13:06:02.294 [info] [main] Validating found git in: "git"
2025-11-11 13:06:02.294 [info] [main] Using git "2.51.2" from "git"
2025-11-11 13:06:02.294 [info] [Model][doInitialScan] Initial repository scan started
2025-11-11 13:06:02.294 [info] > git rev-parse --show-toplevel [5ms]
2025-11-11 13:06:02.294 [info] fatal: not a git repository (or any parent up to mount point /)
Stopping at filesystem boundary (GIT_DISCOVERY_ACROSS_FILESYSTEM not set).
2025-11-11 13:06:02.294 [info] [Model][doInitialScan] Initial repository scan completed - repositories (0), closed repositories (0), parent repositories (0), unsafe repositories (0)
2025-11-11 13:06:10.173 [info] > git rev-parse --show-toplevel [2ms]
2025-11-11 13:06:10.173 [info] fatal: not a git repository (or any parent up to mount point /)
Stopping at filesystem boundary (GIT_DISCOVERY_ACROSS_FILESYSTEM not set).
2025-11-11 13:06:12.905 [info] > git rev-parse --show-toplevel [2ms]
2025-11-11 13:06:12.905 [info] fatal: not a git repository (or any parent up to mount point /)
Stopping at filesystem boundary (GIT_DISCOVERY_ACROSS_FILESYSTEM not set).
2025-11-11 13:06:14.764 [info] > git rev-parse --show-toplevel [2ms]
2025-11-11 13:06:14.764 [info] fatal: not a git repository (or any parent up to mount point /)
Stopping at filesystem boundary (GIT_DISCOVERY_ACROSS_FILESYSTEM not set).
2025-11-11 13:06:30.143 [info] > git rev-parse --show-toplevel [2ms]
2025-11-11 13:06:30.143 [info] fatal: not a git repository (or any parent up to mount point /)
Stopping at filesystem boundary (GIT_DISCOVERY_ACROSS_FILESYSTEM not set).
2025-11-11 13:06:31.370 [info] > git rev-parse --show-toplevel [2ms]
2025-11-11 13:06:31.370 [info] fatal: not a git repository (or any parent up to mount point /)
Stopping at filesystem boundary (GIT_DISCOVERY_ACROSS_FILESYSTEM not set).
2025-11-11 13:06:43.968 [info] > git rev-parse --show-toplevel [2ms]
2025-11-11 13:06:43.968 [info] fatal: not a git repository (or any parent up to mount point /)
Stopping at filesystem boundary (GIT_DISCOVERY_ACROSS_FILESYSTEM not set).
2025-11-11 13:06:47.564 [info] > git rev-parse --show-toplevel [2ms]
2025-11-11 13:06:47.564 [info] fatal: not a git repository (or any parent up to mount point /)
Stopping at filesystem boundary (GIT_DISCOVERY_ACROSS_FILESYSTEM not set).
