2025-11-11 13:17:35.106 [info] [main] Log level: Info
2025-11-11 13:17:35.106 [info] [main] Validating found git in: "git"
2025-11-11 13:17:35.106 [info] [main] Using git "2.51.2" from "git"
2025-11-11 13:17:35.106 [info] [Model][doInitialScan] Initial repository scan started
2025-11-11 13:17:35.106 [info] > git rev-parse --show-toplevel [10ms]
2025-11-11 13:17:35.106 [info] fatal: not a git repository (or any parent up to mount point /)
Stopping at filesystem boundary (GIT_DISCOVERY_ACROSS_FILESYSTEM not set).
2025-11-11 13:17:35.106 [info] > git rev-parse --show-toplevel [2ms]
2025-11-11 13:17:35.106 [info] fatal: not a git repository (or any parent up to mount point /)
Stopping at filesystem boundary (GIT_DISCOVERY_ACROSS_FILESYSTEM not set).
2025-11-11 13:17:35.106 [info] [Model][doInitialScan] Initial repository scan completed - repositories (0), closed repositories (0), parent repositories (0), unsafe repositories (0)
2025-11-11 13:17:35.106 [info] > git rev-parse --show-toplevel [1ms]
2025-11-11 13:17:35.106 [info] fatal: not a git repository (or any parent up to mount point /)
Stopping at filesystem boundary (GIT_DISCOVERY_ACROSS_FILESYSTEM not set).
2025-11-11 13:17:35.173 [info] > git rev-parse --show-toplevel [16ms]
2025-11-11 13:17:35.173 [info] fatal: not a git repository (or any parent up to mount point /)
Stopping at filesystem boundary (GIT_DISCOVERY_ACROSS_FILESYSTEM not set).
2025-11-11 13:17:35.259 [info] > git rev-parse --show-toplevel [1ms]
2025-11-11 13:17:35.259 [info] fatal: not a git repository (or any parent up to mount point /)
Stopping at filesystem boundary (GIT_DISCOVERY_ACROSS_FILESYSTEM not set).
2025-11-11 13:17:35.311 [info] > git rev-parse --show-toplevel [2ms]
2025-11-11 13:17:35.311 [info] fatal: not a git repository (or any parent up to mount point /)
Stopping at filesystem boundary (GIT_DISCOVERY_ACROSS_FILESYSTEM not set).
2025-11-11 13:17:36.673 [info] > git rev-parse --show-toplevel [1ms]
2025-11-11 13:17:36.673 [info] fatal: not a git repository (or any parent up to mount point /)
Stopping at filesystem boundary (GIT_DISCOVERY_ACROSS_FILESYSTEM not set).
