11/11/2025, 11:42:54 AM UTC 0: 

----------------------------------------------
11/11/2025, 11:42:54 AM UTC 1: Discord starting: {"releaseChannel":"stable","version":"0.0.114"}, modulepath: /home/aidn/.config/discord/0.0.114/modules
11/11/2025, 11:42:54 AM UTC 2: ✅ webContents.created web1 ""
11/11/2025, 11:42:54 AM UTC 3: ✅ window.created win1 "discord"
11/11/2025, 11:42:54 AM UTC 4: ✅ webContents.did-finish-load web1
11/11/2025, 11:43:03 AM UTC 5: ✅ webContents.created web2 ""
11/11/2025, 11:43:04 AM UTC 6: ✅ window.created win2 "Discord"
11/11/2025, 11:43:05 AM UTC 7: ✅ webContents.did-finish-load web2
11/11/2025, 11:43:06 AM UTC 8: window.close win1
11/11/2025, 11:43:06 AM UTC 9: webContents.destroyed web1
11/11/2025, 11:43:06 AM UTC 10: window.closed win1
11/11/2025, 11:50:58 AM UTC 0: 

----------------------------------------------
11/11/2025, 11:50:58 AM UTC 1: Discord starting: {"releaseChannel":"stable","version":"0.0.114"}, modulepath: /home/aidn/.config/discord/0.0.114/modules
11/11/2025, 11:50:58 AM UTC 2: ✅ webContents.created web1 ""
11/11/2025, 11:50:58 AM UTC 3: ✅ window.created win1 "discord"
11/11/2025, 11:50:58 AM UTC 4: ✅ webContents.did-finish-load web1
11/11/2025, 11:51:04 AM UTC 5: ✅ webContents.created web2 ""
11/11/2025, 11:51:04 AM UTC 6: ✅ window.created win2 "Discord"
11/11/2025, 11:51:05 AM UTC 7: ✅ webContents.did-finish-load web2
11/11/2025, 11:51:06 AM UTC 8: window.close win1
11/11/2025, 11:51:06 AM UTC 9: webContents.destroyed web1
11/11/2025, 11:51:06 AM UTC 10: window.closed win1
11/11/2025, 11:54:53 AM UTC 11: before-quit
11/11/2025, 11:55:37 AM UTC 0: 

----------------------------------------------
11/11/2025, 11:55:37 AM UTC 1: Discord starting: {"releaseChannel":"stable","version":"0.0.114"}, modulepath: /home/aidn/.config/discord/0.0.114/modules
11/11/2025, 11:55:37 AM UTC 2: ✅ webContents.created web1 ""
11/11/2025, 11:55:37 AM UTC 3: ✅ window.created win1 "discord"
11/11/2025, 11:55:37 AM UTC 4: ✅ webContents.did-finish-load web1
11/11/2025, 11:55:38 AM UTC 5: ✅ webContents.created web2 ""
11/11/2025, 11:55:38 AM UTC 6: ✅ window.created win2 "Discord"
11/11/2025, 11:55:39 AM UTC 7: ✅ webContents.did-finish-load web2
11/11/2025, 11:55:40 AM UTC 8: window.close win1
11/11/2025, 11:55:40 AM UTC 9: webContents.destroyed web1
11/11/2025, 11:55:40 AM UTC 10: window.closed win1
11/11/2025, 12:51:25 PM UTC 11: before-quit
11/11/2025, 12:51:25 PM UTC 12: window.close win2
11/11/2025, 12:52:09 PM UTC 0: 

----------------------------------------------
11/11/2025, 12:52:09 PM UTC 1: Discord starting: {"releaseChannel":"stable","version":"0.0.114"}, modulepath: /home/aidn/.config/discord/0.0.114/modules
11/11/2025, 12:52:09 PM UTC 2: ✅ webContents.created web1 ""
11/11/2025, 12:52:09 PM UTC 3: ✅ window.created win1 "discord"
11/11/2025, 12:52:09 PM UTC 4: ✅ webContents.did-finish-load web1
11/11/2025, 12:52:19 PM UTC 5: ✅ webContents.created web2 ""
11/11/2025, 12:52:19 PM UTC 6: ✅ window.created win2 "Discord"
11/11/2025, 12:52:20 PM UTC 7: ✅ webContents.did-finish-load web2
11/11/2025, 12:52:21 PM UTC 8: window.close win1
11/11/2025, 12:52:21 PM UTC 9: webContents.destroyed web1
11/11/2025, 12:52:21 PM UTC 10: window.closed win1
11/11/2025, 12:54:42 PM UTC 11: before-quit
11/11/2025, 12:59:22 PM UTC 0: 

----------------------------------------------
11/11/2025, 12:59:22 PM UTC 1: Discord starting: {"releaseChannel":"stable","version":"0.0.114"}, modulepath: /home/aidn/.config/discord/0.0.114/modules
11/11/2025, 12:59:22 PM UTC 2: ✅ webContents.created web1 ""
11/11/2025, 12:59:22 PM UTC 3: ✅ window.created win1 "discord"
11/11/2025, 12:59:23 PM UTC 4: ✅ webContents.did-finish-load web1
11/11/2025, 12:59:23 PM UTC 5: ✅ webContents.created web2 ""
11/11/2025, 12:59:23 PM UTC 6: ✅ window.created win2 "Discord"
11/11/2025, 12:59:24 PM UTC 7: ✅ webContents.did-finish-load web2
11/11/2025, 12:59:25 PM UTC 8: window.close win1
11/11/2025, 12:59:25 PM UTC 9: webContents.destroyed web1
11/11/2025, 12:59:25 PM UTC 10: window.closed win1
11/11/2025, 1:56:12 PM UTC 11: before-quit
11/11/2025, 1:56:12 PM UTC 12: window.close win2
11/11/2025, 6:43:24 PM UTC 0: 

----------------------------------------------
11/11/2025, 6:43:24 PM UTC 1: Discord starting: {"releaseChannel":"stable","version":"0.0.114"}, modulepath: /home/aidn/.config/discord/0.0.114/modules
11/11/2025, 6:43:24 PM UTC 2: ✅ webContents.created web1 ""
11/11/2025, 6:43:24 PM UTC 3: ✅ window.created win1 "discord"
11/11/2025, 6:43:24 PM UTC 4: ✅ webContents.did-finish-load web1
11/11/2025, 6:43:24 PM UTC 5: ✅ webContents.created web2 ""
11/11/2025, 6:43:24 PM UTC 6: ✅ window.created win2 "Discord"
11/11/2025, 6:43:25 PM UTC 7: ✅ webContents.did-finish-load web2
11/11/2025, 6:43:26 PM UTC 8: window.close win1
11/11/2025, 6:43:26 PM UTC 9: webContents.destroyed web1
11/11/2025, 6:43:26 PM UTC 10: window.closed win1
11/11/2025, 6:52:21 PM UTC 11: window.close win2
11/11/2025, 6:52:21 PM UTC 12: window.close win2
11/11/2025, 6:57:16 PM UTC 13: window.close win2
11/11/2025, 7:04:42 PM UTC 14: before-quit
11/11/2025, 7:05:25 PM UTC 0: 

----------------------------------------------
11/11/2025, 7:05:25 PM UTC 1: Discord starting: {"releaseChannel":"stable","version":"0.0.114"}, modulepath: /home/aidn/.config/discord/0.0.114/modules
11/11/2025, 7:05:25 PM UTC 2: ✅ webContents.created web1 ""
11/11/2025, 7:05:25 PM UTC 3: ✅ window.created win1 "discord"
11/11/2025, 7:05:25 PM UTC 4: ✅ webContents.did-finish-load web1
11/11/2025, 7:05:36 PM UTC 5: ✅ webContents.created web2 ""
11/11/2025, 7:05:36 PM UTC 6: ✅ window.created win2 "Discord"
11/11/2025, 7:05:37 PM UTC 7: ✅ webContents.did-finish-load web2
11/11/2025, 7:05:38 PM UTC 8: window.close win1
11/11/2025, 7:05:38 PM UTC 9: webContents.destroyed web1
11/11/2025, 7:05:38 PM UTC 10: window.closed win1
