2025-11-11 19:01:24.325 [info] [main] Log level: Info
2025-11-11 19:01:24.325 [info] [main] Validating found git in: "git"
2025-11-11 19:01:24.325 [info] [main] Using git "2.51.2" from "git"
2025-11-11 19:01:24.325 [info] [Model][doInitialScan] Initial repository scan started
2025-11-11 19:01:24.325 [info] > git rev-parse --show-toplevel [5ms]
2025-11-11 19:01:24.325 [info] fatal: not a git repository (or any parent up to mount point /)
Stopping at filesystem boundary (GIT_DISCOVERY_ACROSS_FILESYSTEM not set).
2025-11-11 19:01:24.325 [info] > git rev-parse --show-toplevel [2ms]
2025-11-11 19:01:24.325 [info] fatal: not a git repository (or any parent up to mount point /)
Stopping at filesystem boundary (GIT_DISCOVERY_ACROSS_FILESYSTEM not set).
2025-11-11 19:01:24.325 [info] [Model][doInitialScan] Initial repository scan completed - repositories (0), closed repositories (0), parent repositories (0), unsafe repositories (0)
2025-11-11 19:01:24.325 [info] > git rev-parse --show-toplevel [8ms]
2025-11-11 19:01:24.325 [info] fatal: not a git repository (or any parent up to mount point /)
Stopping at filesystem boundary (GIT_DISCOVERY_ACROSS_FILESYSTEM not set).
2025-11-11 19:01:24.357 [info] > git rev-parse --show-toplevel [1ms]
2025-11-11 19:01:24.357 [info] fatal: not a git repository (or any parent up to mount point /)
Stopping at filesystem boundary (GIT_DISCOVERY_ACROSS_FILESYSTEM not set).
2025-11-11 19:01:24.519 [info] > git rev-parse --show-toplevel [1ms]
2025-11-11 19:01:24.519 [info] fatal: not a git repository (or any parent up to mount point /)
Stopping at filesystem boundary (GIT_DISCOVERY_ACROSS_FILESYSTEM not set).
2025-11-11 19:01:25.879 [info] > git rev-parse --show-toplevel [2ms]
2025-11-11 19:01:25.879 [info] fatal: not a git repository (or any parent up to mount point /)
Stopping at filesystem boundary (GIT_DISCOVERY_ACROSS_FILESYSTEM not set).
2025-11-11 19:01:33.163 [info] > git rev-parse --show-toplevel [2ms]
2025-11-11 19:01:33.163 [info] fatal: not a git repository (or any parent up to mount point /)
Stopping at filesystem boundary (GIT_DISCOVERY_ACROSS_FILESYSTEM not set).
