2025-11-11 13:14:58.289 [info] [main] Log level: Info
2025-11-11 13:14:58.289 [info] [main] Validating found git in: "git"
2025-11-11 13:14:58.289 [info] [main] Using git "2.51.2" from "git"
2025-11-11 13:14:58.289 [info] [Model][doInitialScan] Initial repository scan started
2025-11-11 13:14:58.289 [info] > git rev-parse --show-toplevel [12ms]
2025-11-11 13:14:58.289 [info] fatal: not a git repository (or any parent up to mount point /)
Stopping at filesystem boundary (GIT_DISCOVERY_ACROSS_FILESYSTEM not set).
2025-11-11 13:14:58.289 [info] > git rev-parse --show-toplevel [7ms]
2025-11-11 13:14:58.289 [info] fatal: not a git repository (or any parent up to mount point /)
Stopping at filesystem boundary (GIT_DISCOVERY_ACROSS_FILESYSTEM not set).
2025-11-11 13:14:58.289 [info] [Model][doInitialScan] Initial repository scan completed - repositories (0), closed repositories (0), parent repositories (0), unsafe repositories (0)
2025-11-11 13:14:58.289 [info] > git rev-parse --show-toplevel [3ms]
2025-11-11 13:14:58.289 [info] fatal: not a git repository (or any parent up to mount point /)
Stopping at filesystem boundary (GIT_DISCOVERY_ACROSS_FILESYSTEM not set).
2025-11-11 13:14:58.289 [info] > git rev-parse --show-toplevel [2ms]
2025-11-11 13:14:58.289 [info] fatal: not a git repository (or any parent up to mount point /)
Stopping at filesystem boundary (GIT_DISCOVERY_ACROSS_FILESYSTEM not set).
2025-11-11 13:14:58.436 [info] > git rev-parse --show-toplevel [3ms]
2025-11-11 13:14:58.436 [info] fatal: not a git repository (or any parent up to mount point /)
Stopping at filesystem boundary (GIT_DISCOVERY_ACROSS_FILESYSTEM not set).
2025-11-11 13:14:58.488 [info] > git rev-parse --show-toplevel [2ms]
2025-11-11 13:14:58.488 [info] fatal: not a git repository (or any parent up to mount point /)
Stopping at filesystem boundary (GIT_DISCOVERY_ACROSS_FILESYSTEM not set).
2025-11-11 13:14:59.979 [info] > git rev-parse --show-toplevel [2ms]
2025-11-11 13:14:59.979 [info] fatal: not a git repository (or any parent up to mount point /)
Stopping at filesystem boundary (GIT_DISCOVERY_ACROSS_FILESYSTEM not set).
2025-11-11 13:16:33.782 [info] > git rev-parse --show-toplevel [2ms]
2025-11-11 13:16:33.783 [info] fatal: not a git repository (or any parent up to mount point /)
Stopping at filesystem boundary (GIT_DISCOVERY_ACROSS_FILESYSTEM not set).
2025-11-11 13:16:36.606 [info] > git rev-parse --show-toplevel [1ms]
2025-11-11 13:16:36.606 [info] fatal: not a git repository (or any parent up to mount point /)
Stopping at filesystem boundary (GIT_DISCOVERY_ACROSS_FILESYSTEM not set).
